
Start-Date: 2021-07-06  05:27:06
Commandline: apt-get -y dist-upgrade
Upgrade: libhogweed4:amd64 (3.4.1-1, 3.4.1-1+deb10u1), libnettle6:amd64 (3.4.1-1, 3.4.1-1+deb10u1)
End-Date: 2021-07-06  05:27:06

Start-Date: 2021-07-06  05:27:11
Commandline: apt-get -y install dialog ifupdown init iproute2 iputils-ping isc-dhcp-client locales netbase net-tools openssh-client procps vim
Install: libxdmcp6:amd64 (1:1.1.2-3, automatic), init:amd64 (1.56+nmu1), libdevmapper1.02.1:amd64 (2:1.02.155-3, automatic), dmsetup:amd64 (2:1.02.155-3, automatic), libkrb5-3:amd64 (1.17-3+deb10u1, automatic), libgssapi-krb5-2:amd64 (1.17-3+deb10u1, automatic), libdbus-1-3:amd64 (1.12.20-0+deb10u1, automatic), dialog:amd64 (1.3-20190211-1), ifupdown:amd64 (0.8.35), vim-common:amd64 (2:8.1.0875-5, automatic), libargon2-1:amd64 (0~20171227-0.2, automatic), dbus:amd64 (1.12.20-0+deb10u1, automatic), libkmod2:amd64 (26-1, automatic), libpam-cap:amd64 (1:2.25-2, automatic), libelf1:amd64 (0.176-1.1, automatic), libbsd0:amd64 (0.9.1-2+deb10u1, automatic), libncurses6:amd64 (6.1+20181013-2+deb10u2, automatic), netbase:amd64 (5.6), libk5crypto3:amd64 (1.17-3+deb10u1, automatic), locales:amd64 (2.28-10), procps:amd64 (2:3.3.15-2), isc-dhcp-common:amd64 (4.4.1-2+deb10u1, automatic), libisc-export1100:amd64 (1:9.11.5.P4+dfsg-5.1+deb10u5, automatic), libprocps7:amd64 (2:3.3.15-2, automatic), libx11-6:amd64 (2:1.6.7-1+deb10u2, automatic), libexpat1:amd64 (2.2.6-2+deb10u1, automatic), net-tools:amd64 (1.60+git20180626.aebd88e-1), libapparmor1:amd64 (2.13.2-10, automatic), krb5-locales:amd64 (1.17-3+deb10u1, automatic), libc-l10n:amd64 (2.28-10, automatic), libxau6:amd64 (1:1.0.8-1+b2, automatic), psmisc:amd64 (23.2-1, automatic), libxcb1:amd64 (1.13.1-2, automatic), libatm1:amd64 (1:2.5.1-2, automatic), libkrb5support0:amd64 (1.17-3+deb10u1, automatic), libcap2:amd64 (1:2.25-2, automatic), systemd-sysv:amd64 (241-7~deb10u7, automatic), libcap2-bin:amd64 (1:2.25-2, automatic), libkeyutils1:amd64 (1.6-6, automatic), libxmuu1:amd64 (2:1.1.2-2+b3, automatic), vim-runtime:amd64 (2:8.1.0875-5, automatic), vim:amd64 (2:8.1.0875-5), libpam-systemd:amd64 (241-7~deb10u7, automatic), systemd:amd64 (241-7~deb10u7, automatic), xxd:amd64 (2:8.1.0875-5, automatic), libx11-data:amd64 (2:1.6.7-1+deb10u2, automatic), iproute2:amd64 (4.20.0-2+deb10u1), openssh-client:amd64 (1:7.9p1-10+deb10u2), libdns-export1104:amd64 (1:9.11.5.P4+dfsg-5.1+deb10u5, automatic), iputils-ping:amd64 (3:20180629-2+deb10u2), libnss-systemd:amd64 (241-7~deb10u7, automatic), libgpm2:amd64 (1.20.7-5, automatic), libxtables12:amd64 (1.8.2-4, automatic), libidn11:amd64 (1.33-2.2, automatic), libedit2:amd64 (3.1-20181209-1, automatic), xauth:amd64 (1:1.0.10-1, automatic), lsb-base:amd64 (10.2019051400, automatic), libcryptsetup12:amd64 (2:2.1.0-5+deb10u2, automatic), libssl1.1:amd64 (1.1.1d-0+deb10u6, automatic), libjson-c3:amd64 (0.12.1+ds-2+deb10u1, automatic), isc-dhcp-client:amd64 (4.4.1-2+deb10u1), libip4tc0:amd64 (1.8.2-4, automatic), libmnl0:amd64 (1.0.4-2, automatic), libxext6:amd64 (2:1.3.3-1+b2, automatic)
End-Date: 2021-07-06  05:27:21

Start-Date: 2022-12-26  23:58:40
Commandline: apt install git -y
Install: libssh2-1:amd64 (1.8.0-2.1, automatic), libnghttp2-14:amd64 (1.36.0-2+deb10u1, automatic), publicsuffix:amd64 (20220811.1734-0+deb10u1, automatic), libsasl2-modules-db:amd64 (2.1.27+dfsg-1+deb10u2, automatic), libldap-2.4-2:amd64 (2.4.47+dfsg-3+deb10u7, automatic), openssl:amd64 (1.1.1n-0+deb10u3, automatic), git-man:amd64 (1:2.20.1-2+deb10u6, automatic), libpsl5:amd64 (0.20.2-2, automatic), perl-modules-5.28:amd64 (5.28.1-6+deb10u1, automatic), git:amd64 (1:2.20.1-2+deb10u6), libsasl2-2:amd64 (2.1.27+dfsg-1+deb10u2, automatic), libperl5.28:amd64 (5.28.1-6+deb10u1, automatic), librtmp1:amd64 (2.4+20151223.gitfa8646d.1-2, automatic), libsasl2-modules:amd64 (2.1.27+dfsg-1+deb10u2, automatic), libldap-common:amd64 (2.4.47+dfsg-3+deb10u7, automatic), libgdbm6:amd64 (1.18.1-4, automatic), libpcre2-8-0:amd64 (10.32-5, automatic), ca-certificates:amd64 (20200601~deb10u2, automatic), perl:amd64 (5.28.1-6+deb10u1, automatic), libgdbm-compat4:amd64 (1.18.1-4, automatic), patch:amd64 (2.7.6-3+deb10u1, automatic), libcurl3-gnutls:amd64 (7.64.0-4+deb10u3, automatic), less:amd64 (487-0.1+b1, automatic), liberror-perl:amd64 (0.17027-2, automatic)
End-Date: 2022-12-27  00:00:49

Start-Date: 2022-12-27  00:03:15
Commandline: apt install tor -y
Install: exim4-base:amd64 (4.92-8+deb10u7, automatic), libpopt0:amd64 (1.16-12, automatic), liblockfile-bin:amd64 (1.14-1.1, automatic), exim4-daemon-light:amd64 (4.92-8+deb10u7, automatic), libunbound8:amd64 (1.9.0-2+deb10u2, automatic), exim4-config:amd64 (4.92-8+deb10u7, automatic), tor:amd64 (0.3.5.16-1), torsocks:amd64 (2.3.0-2, automatic), tor-geoipdb:amd64 (0.3.5.16-1, automatic), libevent-2.1-6:amd64 (2.1.8-stable-4, automatic), logrotate:amd64 (3.14.0-4, automatic), cron:amd64 (3.0pl1-134+deb10u1, automatic), liblockfile1:amd64 (1.14-1.1, automatic), libgnutls-dane0:amd64 (3.6.7-4+deb10u9, automatic), sensible-utils:amd64 (0.0.12, automatic), bsd-mailx:amd64 (8.1.2-0.20180807cvs-1, automatic)
Upgrade: libgnutls30:amd64 (3.6.7-4+deb10u7, 3.6.7-4+deb10u9)
End-Date: 2022-12-27  00:03:59

Start-Date: 2022-12-27  00:04:04
Commandline: apt install wget -y
Install: wget:amd64 (1.20.1-1.1)
End-Date: 2022-12-27  00:04:06

Start-Date: 2022-12-27  00:04:13
Commandline: apt install php -y
Install: libcurl4:amd64 (7.64.0-4+deb10u3, automatic), php7.3-readline:amd64 (7.3.31-1~deb10u2, automatic), php-common:amd64 (2:69, automatic), libaprutil1:amd64 (1.6.1-4, automatic), libbrotli1:amd64 (1.0.7-2+deb10u1, automatic), libsqlite3-0:amd64 (3.27.2-3+deb10u2, automatic), libicu63:amd64 (63.1-6+deb10u3, automatic), php7.3:amd64 (7.3.31-1~deb10u2, automatic), php7.3-json:amd64 (7.3.31-1~deb10u2, automatic), libaprutil1-dbd-sqlite3:amd64 (1.6.1-4, automatic), mime-support:amd64 (3.62, automatic), libmagic1:amd64 (1:5.35-4+deb10u2, automatic), ssl-cert:amd64 (1.0.39, automatic), apache2-data:amd64 (2.4.38-3+deb10u8, automatic), php7.3-common:amd64 (7.3.31-1~deb10u2, automatic), libapr1:amd64 (1.6.5-1+b1, automatic), libaprutil1-ldap:amd64 (1.6.1-4, automatic), php:amd64 (2:7.3+69), php7.3-opcache:amd64 (7.3.31-1~deb10u2, automatic), libmagic-mgc:amd64 (1:5.35-4+deb10u2, automatic), php7.3-cli:amd64 (7.3.31-1~deb10u2, automatic), ucf:amd64 (3.0038+nmu1, automatic), xz-utils:amd64 (5.2.4-1+deb10u1, automatic), liblua5.2-0:amd64 (5.2.4-1.1+b2, automatic), libsodium23:amd64 (1.0.17-1, automatic), bzip2:amd64 (1.0.6-9.2~deb10u2, automatic), libxml2:amd64 (2.9.4+dfsg1-7+deb10u5, automatic), file:amd64 (1:5.35-4+deb10u2, automatic), apache2-bin:amd64 (2.4.38-3+deb10u8, automatic), libjansson4:amd64 (2.12-1, automatic), apache2:amd64 (2.4.38-3+deb10u8, automatic), apache2-utils:amd64 (2.4.38-3+deb10u8, automatic), libapache2-mod-php7.3:amd64 (7.3.31-1~deb10u2, automatic)
Upgrade: libbz2-1.0:amd64 (1.0.6-9.2~deb10u1, 1.0.6-9.2~deb10u2)
End-Date: 2022-12-27  00:08:26

Start-Date: 2022-12-27  00:08:31
Commandline: apt install nano -y
Install: nano:amd64 (3.2-3)
End-Date: 2022-12-27  00:08:34

Start-Date: 2024-01-03  00:20:01
Commandline: apt install toilet
Install: toilet:amd64 (0.3-1.2), libcaca0:amd64 (0.99.beta19-2.1, automatic), toilet-fonts:amd64 (0.3-1.2, automatic), libslang2:amd64 (2.3.2-2, automatic)
End-Date: 2024-01-03  00:20:06

Start-Date: 2024-01-03  03:15:59
Commandline: apt install cowsay
Install: cowsay:amd64 (3.03+dfsg2-6), libtext-charwidth-perl:amd64 (0.04-7.1+b1, automatic)
End-Date: 2024-01-03  03:16:01

Start-Date: 2024-01-03  03:16:13
Commandline: apt install fortune
Install: fortune-mod:amd64 (1:1.99.1-7+b1), fortunes-min:amd64 (1:1.99.1-7, automatic), librecode0:amd64 (3.6-23, automatic)
End-Date: 2024-01-03  03:16:15
