update-alternatives 2021-07-06 05:26:44: run with --quiet --install /usr/bin/awk awk /usr/bin/mawk 5 --slave /usr/share/man/man1/awk.1.gz awk.1.gz /usr/share/man/man1/mawk.1.gz --slave /usr/bin/nawk nawk /usr/bin/mawk --slave /usr/share/man/man1/nawk.1.gz nawk.1.gz /usr/share/man/man1/mawk.1.gz
update-alternatives 2021-07-06 05:26:44: link group awk updated to point to /usr/bin/mawk
update-alternatives 2021-07-06 05:26:52: run with --quiet --install /usr/bin/awk awk /usr/bin/mawk 5 --slave /usr/share/man/man1/awk.1.gz awk.1.gz /usr/share/man/man1/mawk.1.gz --slave /usr/bin/nawk nawk /usr/bin/mawk --slave /usr/share/man/man1/nawk.1.gz nawk.1.gz /usr/share/man/man1/mawk.1.gz
update-alternatives 2021-07-06 05:26:52: run with --install /usr/share/man/man7/builtins.7.gz builtins.7.gz /usr/share/man/man7/bash-builtins.7.gz 10
update-alternatives 2021-07-06 05:26:52: link group builtins.7.gz updated to point to /usr/share/man/man7/bash-builtins.7.gz
update-alternatives 2021-07-06 05:26:52: run with --install /usr/sbin/rmt rmt /usr/sbin/rmt-tar 50 --slave /usr/share/man/man8/rmt.8.gz rmt.8.gz /usr/share/man/man8/rmt-tar.8.gz
update-alternatives 2021-07-06 05:26:52: link group rmt updated to point to /usr/sbin/rmt-tar
update-alternatives 2021-07-06 05:26:54: run with --install /usr/bin/pager pager /bin/more 50 --slave /usr/share/man/man1/pager.1.gz pager.1.gz /usr/share/man/man1/more.1.gz
update-alternatives 2021-07-06 05:26:54: link group pager updated to point to /bin/more
update-alternatives 2021-07-06 05:26:54: run with --remove pager /usr/bin/pg
update-alternatives 2021-07-06 05:27:20: run with --install /usr/bin/w w /usr/bin/w.procps 50 --slave /usr/share/man/man1/w.1.gz w.1.gz /usr/share/man/man1/w.procps.1.gz
update-alternatives 2021-07-06 05:27:20: link group w updated to point to /usr/bin/w.procps
update-alternatives 2021-07-06 05:27:21: run with --install /usr/bin/vim vim /usr/bin/vim.basic 30
update-alternatives 2021-07-06 05:27:21: link group vim updated to point to /usr/bin/vim.basic
update-alternatives 2021-07-06 05:27:21: run with --install /usr/bin/vimdiff vimdiff /usr/bin/vim.basic 30
update-alternatives 2021-07-06 05:27:21: link group vimdiff updated to point to /usr/bin/vim.basic
update-alternatives 2021-07-06 05:27:21: run with --install /usr/bin/rvim rvim /usr/bin/vim.basic 30
update-alternatives 2021-07-06 05:27:21: link group rvim updated to point to /usr/bin/vim.basic
update-alternatives 2021-07-06 05:27:21: run with --install /usr/bin/rview rview /usr/bin/vim.basic 30
update-alternatives 2021-07-06 05:27:21: link group rview updated to point to /usr/bin/vim.basic
update-alternatives 2021-07-06 05:27:21: run with --install /usr/bin/vi vi /usr/bin/vim.basic 30 --slave /usr/share/man/da/man1/vi.1.gz vi.da.1.gz /usr/share/man/da/man1/vim.1.gz --slave /usr/share/man/de/man1/vi.1.gz vi.de.1.gz /usr/share/man/de/man1/vim.1.gz --slave /usr/share/man/fr/man1/vi.1.gz vi.fr.1.gz /usr/share/man/fr/man1/vim.1.gz --slave /usr/share/man/it/man1/vi.1.gz vi.it.1.gz /usr/share/man/it/man1/vim.1.gz --slave /usr/share/man/ja/man1/vi.1.gz vi.ja.1.gz /usr/share/man/ja/man1/vim.1.gz --slave /usr/share/man/pl/man1/vi.1.gz vi.pl.1.gz /usr/share/man/pl/man1/vim.1.gz --slave /usr/share/man/ru/man1/vi.1.gz vi.ru.1.gz /usr/share/man/ru/man1/vim.1.gz --slave /usr/share/man/man1/vi.1.gz vi.1.gz /usr/share/man/man1/vim.1.gz
update-alternatives 2021-07-06 05:27:21: link group vi updated to point to /usr/bin/vim.basic
update-alternatives 2021-07-06 05:27:21: run with --install /usr/bin/view view /usr/bin/vim.basic 30 --slave /usr/share/man/da/man1/view.1.gz view.da.1.gz /usr/share/man/da/man1/vim.1.gz --slave /usr/share/man/de/man1/view.1.gz view.de.1.gz /usr/share/man/de/man1/vim.1.gz --slave /usr/share/man/fr/man1/view.1.gz view.fr.1.gz /usr/share/man/fr/man1/vim.1.gz --slave /usr/share/man/it/man1/view.1.gz view.it.1.gz /usr/share/man/it/man1/vim.1.gz --slave /usr/share/man/ja/man1/view.1.gz view.ja.1.gz /usr/share/man/ja/man1/vim.1.gz --slave /usr/share/man/pl/man1/view.1.gz view.pl.1.gz /usr/share/man/pl/man1/vim.1.gz --slave /usr/share/man/ru/man1/view.1.gz view.ru.1.gz /usr/share/man/ru/man1/vim.1.gz --slave /usr/share/man/man1/view.1.gz view.1.gz /usr/share/man/man1/vim.1.gz
update-alternatives 2021-07-06 05:27:21: link group view updated to point to /usr/bin/vim.basic
update-alternatives 2021-07-06 05:27:21: run with --install /usr/bin/ex ex /usr/bin/vim.basic 30 --slave /usr/share/man/da/man1/ex.1.gz ex.da.1.gz /usr/share/man/da/man1/vim.1.gz --slave /usr/share/man/de/man1/ex.1.gz ex.de.1.gz /usr/share/man/de/man1/vim.1.gz --slave /usr/share/man/fr/man1/ex.1.gz ex.fr.1.gz /usr/share/man/fr/man1/vim.1.gz --slave /usr/share/man/it/man1/ex.1.gz ex.it.1.gz /usr/share/man/it/man1/vim.1.gz --slave /usr/share/man/ja/man1/ex.1.gz ex.ja.1.gz /usr/share/man/ja/man1/vim.1.gz --slave /usr/share/man/pl/man1/ex.1.gz ex.pl.1.gz /usr/share/man/pl/man1/vim.1.gz --slave /usr/share/man/ru/man1/ex.1.gz ex.ru.1.gz /usr/share/man/ru/man1/vim.1.gz --slave /usr/share/man/man1/ex.1.gz ex.1.gz /usr/share/man/man1/vim.1.gz
update-alternatives 2021-07-06 05:27:21: link group ex updated to point to /usr/bin/vim.basic
update-alternatives 2021-07-06 05:27:21: run with --install /usr/bin/editor editor /usr/bin/vim.basic 30 --slave /usr/share/man/da/man1/editor.1.gz editor.da.1.gz /usr/share/man/da/man1/vim.1.gz --slave /usr/share/man/de/man1/editor.1.gz editor.de.1.gz /usr/share/man/de/man1/vim.1.gz --slave /usr/share/man/fr/man1/editor.1.gz editor.fr.1.gz /usr/share/man/fr/man1/vim.1.gz --slave /usr/share/man/it/man1/editor.1.gz editor.it.1.gz /usr/share/man/it/man1/vim.1.gz --slave /usr/share/man/ja/man1/editor.1.gz editor.ja.1.gz /usr/share/man/ja/man1/vim.1.gz --slave /usr/share/man/pl/man1/editor.1.gz editor.pl.1.gz /usr/share/man/pl/man1/vim.1.gz --slave /usr/share/man/ru/man1/editor.1.gz editor.ru.1.gz /usr/share/man/ru/man1/vim.1.gz --slave /usr/share/man/man1/editor.1.gz editor.1.gz /usr/share/man/man1/vim.1.gz
update-alternatives 2021-07-06 05:27:21: link group editor updated to point to /usr/bin/vim.basic
update-alternatives 2021-07-06 05:27:21: run with --quiet --install /usr/bin/rsh rsh /usr/bin/ssh 20 --slave /usr/share/man/man1/rsh.1.gz rsh.1.gz /usr/share/man/man1/ssh.1.gz
update-alternatives 2021-07-06 05:27:21: link group rsh updated to point to /usr/bin/ssh
update-alternatives 2021-07-06 05:27:21: run with --quiet --install /usr/bin/rlogin rlogin /usr/bin/slogin 20 --slave /usr/share/man/man1/rlogin.1.gz rlogin.1.gz /usr/share/man/man1/slogin.1.gz
update-alternatives 2021-07-06 05:27:21: link group rlogin updated to point to /usr/bin/slogin
update-alternatives 2021-07-06 05:27:21: run with --quiet --install /usr/bin/rcp rcp /usr/bin/scp 20 --slave /usr/share/man/man1/rcp.1.gz rcp.1.gz /usr/share/man/man1/scp.1.gz
update-alternatives 2021-07-06 05:27:21: link group rcp updated to point to /usr/bin/scp
update-alternatives 2022-12-26 23:59:47: run with --quiet --install /usr/bin/pager pager /bin/less 77 --slave /usr/share/man/man1/pager.1.gz pager.1.gz /usr/share/man/man1/less.1.gz
update-alternatives 2022-12-26 23:59:47: link group pager updated to point to /bin/less
update-alternatives 2022-12-26 23:59:47: run with --quiet --remove pager /usr/bin/less
update-alternatives 2022-12-26 23:59:48: run with --quiet --install /usr/bin/pager pager /bin/less 77 --slave /usr/share/man/man1/pager.1.gz pager.1.gz /usr/share/man/man1/less.1.gz
update-alternatives 2022-12-26 23:59:48: run with --quiet --remove pager /usr/bin/less
update-alternatives 2022-12-27 00:03:58: run with --install /usr/bin/mailx mailx /usr/bin/bsd-mailx 50 --slave /usr/bin/mail mail /usr/bin/bsd-mailx --slave /usr/bin/Mail Mail /usr/bin/bsd-mailx --slave /usr/share/man/man1/mailx.1.gz mailx.1.gz /usr/share/man/man1/bsd-mailx.1.gz --slave /usr/share/man/man1/mail.1.gz mail.1.gz /usr/share/man/man1/bsd-mailx.1.gz --slave /usr/share/man/man1/Mail.1.gz Mail.1.gz /usr/share/man/man1/bsd-mailx.1.gz
update-alternatives 2022-12-27 00:03:58: link group mailx updated to point to /usr/bin/bsd-mailx
update-alternatives 2022-12-27 00:04:58: run with --install /usr/bin/lzma lzma /usr/bin/xz 20 --slave /usr/share/man/man1/lzma.1.gz lzma.1.gz /usr/share/man/man1/xz.1.gz --slave /usr/bin/unlzma unlzma /usr/bin/unxz --slave /usr/share/man/man1/unlzma.1.gz unlzma.1.gz /usr/share/man/man1/unxz.1.gz --slave /usr/bin/lzcat lzcat /usr/bin/xzcat --slave /usr/share/man/man1/lzcat.1.gz lzcat.1.gz /usr/share/man/man1/xzcat.1.gz --slave /usr/bin/lzmore lzmore /usr/bin/xzmore --slave /usr/share/man/man1/lzmore.1.gz lzmore.1.gz /usr/share/man/man1/xzmore.1.gz --slave /usr/bin/lzless lzless /usr/bin/xzless --slave /usr/share/man/man1/lzless.1.gz lzless.1.gz /usr/share/man/man1/xzless.1.gz --slave /usr/bin/lzdiff lzdiff /usr/bin/xzdiff --slave /usr/share/man/man1/lzdiff.1.gz lzdiff.1.gz /usr/share/man/man1/xzdiff.1.gz --slave /usr/bin/lzcmp lzcmp /usr/bin/xzcmp --slave /usr/share/man/man1/lzcmp.1.gz lzcmp.1.gz /usr/share/man/man1/xzcmp.1.gz --slave /usr/bin/lzgrep lzgrep /usr/bin/xzgrep --slave /usr/share/man/man1/lzgrep.1.gz lzgrep.1.gz /usr/share/man/man1/xzgrep.1.gz --slave /usr/bin/lzegrep lzegrep /usr/bin/xzegrep --slave /usr/share/man/man1/lzegrep.1.gz lzegrep.1.gz /usr/share/man/man1/xzegrep.1.gz --slave /usr/bin/lzfgrep lzfgrep /usr/bin/xzfgrep --slave /usr/share/man/man1/lzfgrep.1.gz lzfgrep.1.gz /usr/share/man/man1/xzfgrep.1.gz
update-alternatives 2022-12-27 00:04:58: link group lzma updated to point to /usr/bin/xz
update-alternatives 2022-12-27 00:07:22: run with --install /usr/bin/php php /usr/bin/php7.3 73 --slave /usr/share/man/man1/php.1.gz php.1.gz /usr/share/man/man1/php7.3.1.gz
update-alternatives 2022-12-27 00:07:22: link group php updated to point to /usr/bin/php7.3
update-alternatives 2022-12-27 00:07:22: run with --install /usr/bin/phar phar /usr/bin/phar7.3 73 --slave /usr/share/man/man1/phar.1.gz phar.1.gz /usr/share/man/man1/phar7.3.1.gz
update-alternatives 2022-12-27 00:07:22: link group phar updated to point to /usr/bin/phar7.3
update-alternatives 2022-12-27 00:07:22: run with --install /usr/bin/phar.phar phar.phar /usr/bin/phar.phar7.3 73 --slave /usr/share/man/man1/phar.phar.1.gz phar.phar.1.gz /usr/share/man/man1/phar.phar7.3.1.gz
update-alternatives 2022-12-27 00:07:22: link group phar.phar updated to point to /usr/bin/phar.phar7.3
update-alternatives 2022-12-27 00:08:34: run with --install /usr/bin/editor editor /bin/nano 40 --slave /usr/share/man/man1/editor.1.gz editor.1.gz /usr/share/man/man1/nano.1.gz
update-alternatives 2022-12-27 00:08:34: link group editor updated to point to /bin/nano
update-alternatives 2022-12-27 00:08:34: run with --install /usr/bin/pico pico /bin/nano 10 --slave /usr/share/man/man1/pico.1.gz pico.1.gz /usr/share/man/man1/nano.1.gz
update-alternatives 2022-12-27 00:08:34: link group pico updated to point to /bin/nano
update-alternatives 2024-01-03 00:20:05: run with --install /usr/bin/figlet figlet /usr/bin/figlet-toilet 20
update-alternatives 2024-01-03 00:20:05: link group figlet updated to point to /usr/bin/figlet-toilet
